<?xml version="1.0" encoding="UTF-8"?>
<!-- Generated by org.testng.reporters.JUnitReportReporter -->
<testsuite skipped="0" hostname="Ashus-MacBook-Air.local" name="coviamTest" tests="1" failures="0" timestamp="06 May 2018 19:08:57 GMT" time="106.921" errors="0">
  <testcase name="checkAllLinks" time="106.921" classname="coviamTest"/>
</testsuite> <!-- coviamTest -->
