<?xml version="1.0" encoding="UTF-8"?>
<!-- Generated by org.testng.reporters.JUnitReportReporter -->
<testsuite skipped="0" hostname="Ashus-MacBook-Air.local" name="coviamPackage.coviamTest" tests="2" failures="0" timestamp="08 May 2018 11:36:50 GMT" time="161.598" errors="0">
  <testcase name="checkAllLinks" time="74.623" classname="coviamPackage.coviamTest"/>
  <testcase name="bangaloreLocation" time="86.975" classname="coviamPackage.coviamTest"/>
</testsuite> <!-- coviamPackage.coviamTest -->
