<?xml version="1.0" encoding="UTF-8"?>
<!-- Generated by org.testng.reporters.JUnitReportReporter -->
<testsuite skipped="0" hostname="Ashus-MacBook-Air.local" name="testng" tests="2" failures="0" timestamp="08 May 2018 12:49:07 GMT" time="0.016" errors="0">
  <testcase name="loginPageApplication" time="0.014" classname="testng"/>
  <testcase name="loginPageCheckOut" time="0.002" classname="testng"/>
</testsuite> <!-- testng -->
